make all --print-data-base --no-builtin-variables --no-builtin-rules --question
# GNU Make 4.3
# Built for x86_64-pc-linux-gnu
# Copyright (C) 1988-2020 Free Software Foundation, Inc.
# License GPLv3+: GNU GPL version 3 or later <http://gnu.org/licenses/gpl.html>
# This is free software: you are free to change and redistribute it.
# There is NO WARRANTY, to the extent permitted by law.

# Make data base, printed on Wed Jun 29 11:19:25 2022

# Variables

# environment
GDK_BACKEND = x11
# environment
LC_ALL = C
# environment
GNOME_SHELL_SESSION_MODE = ubuntu
# environment
SSH_AGENT_LAUNCHER = gnome-keyring
# makefile (from 'Makefile', line 6)
OBJDIR = ./obj
# environment
SNAP_INSTANCE_KEY = 
# environment
GJS_DEBUG_OUTPUT = stderr
# environment
VSCODE_IPC_HOOK_EXTHOST = /run/user/1000/vscode-ipc-8a38cabf-2fc2-4307-bdf2-562644d3ab3b.sock
# makefile (from 'Makefile', line 8)
VPATH = ./src ./tests
# environment
VSCODE_CWD = /home/john
# environment
WINDOWPATH = 2
# default
MAKE_COMMAND := make
# environment
QT_ACCESSIBILITY = 1
# automatic
@D = $(patsubst %/,%,$(dir $@))
# environment
SNAP_INSTANCE_NAME = code
# environment
GDK_PIXBUF_MODULEDIR = /snap/code/99/usr/lib/x86_64-linux-gnu/gdk-pixbuf-2.0/2.10.0/loaders
# environment
VSCODE_HANDLES_UNCAUGHT_ERRORS = true
# default
.VARIABLES := 
# environment
PWD = /home/john/repos/spellcheck
# automatic
%D = $(patsubst %/,%,$(dir $%))
# environment
XDG_DATA_DIRS = /usr/share/ubuntu:/usr/share/gnome:/home/john/.local/share/flatpak/exports/share:/var/lib/flatpak/exports/share:/usr/local/share/:/usr/share/:/var/lib/snapd/desktop
# makefile (from 'Makefile', line 11)
TEST_APP = test_app
# automatic
^D = $(patsubst %/,%,$(dir $^))
# environment
VSCODE_LOG_STACK = false
# automatic
%F = $(notdir $%)
# environment
VSCODE_CODE_CACHE_PATH = /home/john/.config/Code/CachedData/30d9c6cd9483b2cc586687151bcbcd635f373630
# environment
LANG = C
# environment
XAUTHORITY = /run/user/1000/gdm/Xauthority
# default
.LOADED := 
# default
.INCLUDE_DIRS = /usr/local/include /usr/include /usr/include
# makefile
MAKEFLAGS = pqrR
# makefile
CURDIR := /home/john/repos/spellcheck
# environment
VSCODE_PIPE_LOGGING = true
# environment
APPLICATION_INSIGHTS_NO_DIAGNOSTIC_CHANNEL = 1
# environment
LESSOPEN = | /usr/bin/lesspipe %s
# makefile (from 'Makefile', line 9)
SRCS = wdist.c test_wdist.c
# automatic
*D = $(patsubst %/,%,$(dir $*))
# environment
MFLAGS = -pqrR
# environment
SSH_AUTH_SOCK = /run/user/1000/keyring/ssh
# default
.SHELLFLAGS := -c
# environment
XDG_CONFIG_DIRS = /etc/xdg/xdg-ubuntu:/etc/xdg
# automatic
+D = $(patsubst %/,%,$(dir $+))
# environment
XDG_SESSION_DESKTOP = ubuntu
# makefile (from 'Makefile', line 1)
MAKEFILE_LIST := Makefile
# environment
SNAP_REEXEC = 
# automatic
@F = $(notdir $@)
# environment
VSCODE_VERBOSE_LOGGING = true
# environment
VSCODE_PID = 76611
# environment
XDG_SESSION_TYPE = x11
# automatic
?D = $(patsubst %/,%,$(dir $?))
# environment
BAMF_DESKTOP_FILE_HINT = /var/lib/snapd/desktop/applications/code_code.desktop
# environment
SESSION_MANAGER = local/john-desktop:@/tmp/.ICE-unix/2663,unix/john-desktop:/tmp/.ICE-unix/2663
# automatic
*F = $(notdir $*)
# environment
DEVELOPMENT_ROOT = /home/john/development
# environment
CHROME_DESKTOP = code-url-handler.desktop
# environment
DBUS_SESSION_BUS_ADDRESS = unix:path=/run/user/1000/bus
# automatic
<D = $(patsubst %/,%,$(dir $<))
# environment
VSCODE_NLS_CONFIG = {"locale":"en-us","availableLanguages":{},"_languagePackSupport":true}
# default
MAKE_HOST := x86_64-pc-linux-gnu
# makefile (from 'Makefile', line 10)
OBJS = $(patsubst %.c,$(OBJDIR)/%.o,$(SRCS))
# environment
GNOME_DESKTOP_SESSION_ID = this-is-deprecated
# makefile
SHELL = /bin/sh
# default
MAKECMDGOALS := all
# environment
XMODIFIERS = @im=ibus
# environment
GJS_DEBUG_TOPICS = JS ERROR;JS LOG
# environment
SHLVL = 0
# environment
MAKELEVEL := 0
# default
MAKE = $(MAKE_COMMAND)
# environment
SNAP_COOKIE = MXOmBKuNdTEZDnzVQmbVH_I_pGzKZA_ZIyviemx9haFCd1trlSEm
# environment
PATH = /home/john/.local/bin:.:/usr/local/bin:/home/john/.local/bin:/usr/local/sbin:/usr/local/bin:/usr/sbin:/usr/bin:/sbin:/bin:/usr/games:/usr/local/games:/snap/bin:/snap/bin:/home/john/.dotnet/tools:/home/john/.dotnet/tools:/home/john/myscripts:/home/john/.fzf/bin
# default
MAKEFILES := 
# automatic
^F = $(notdir $^)
# environment
SNAP_USER_COMMON = /home/john/snap/code/common
# environment
SNAP = /snap/code/99
# environment
INVOCATION_ID = ca98b5517d9c4b5d929fb1fd4ed4a449
# environment
SNAP_REVISION = 99
# environment
SNAP_REAL_HOME = /home/john
# environment
VSCODE_LOG_NATIVE = false
# environment
USERNAME = john
# environment
LESSCLOSE = /usr/bin/lesspipe %s %s
# automatic
?F = $(notdir $?)
# environment
XDG_CURRENT_DESKTOP = Unity
# environment
LS_COLORS = 
# automatic
+F = $(notdir $+)
# environment
DESKTOP_SESSION = ubuntu
# environment
ORIGINAL_XDG_CURRENT_DESKTOP = ubuntu:GNOME
# 'override' directive
GNUMAKEFLAGS := 
# makefile (from 'Makefile', line 3)
INCDIRS = -I ./include
# environment
LOGNAME = john
# makefile (from 'Makefile', line 4)
OPT = -O3
# environment
GIO_LAUNCHED_DESKTOP_FILE = /var/lib/snapd/desktop/applications/code_code.desktop
# environment
SNAP_ARCH = amd64
# makefile
.DEFAULT_GOAL := all
# environment
SYSTEMD_EXEC_PID = 2682
# environment
DISPLAY = :1
# environment
USER = john
# environment
GTK_MODULES = gail:atk-bridge
# default
MAKE_VERSION := 4.3
# environment
DISABLE_WAYLAND = 1
# environment
SNAP_DATA = /var/snap/code/99
# environment
SNAP_CONTEXT = MXOmBKuNdTEZDnzVQmbVH_I_pGzKZA_ZIyviemx9haFCd1trlSEm
# environment
MANAGERPID = 2401
# environment
GIO_LAUNCHED_DESKTOP_FILE_PID = 76566
# environment
_ = /snap/code/99/usr/share/code/code
# environment
XDG_RUNTIME_DIR = /run/user/1000
# makefile (from 'Makefile', line 5)
CFLAGS = -Wall -Wextra -g  $(OPT) $(INCDIRS)
# environment
GPG_AGENT_INFO = /run/user/1000/gnupg/S.gpg-agent:0:1
# environment
GDK_PIXBUF_MODULE_FILE = /home/john/snap/code/common/.cache/gdk-pixbuf-loaders.cache
# environment
JOURNAL_STREAM = 8:25375
# environment
XDG_SESSION_CLASS = user
# environment
VSCODE_AMD_ENTRYPOINT = vs/workbench/api/node/extensionHostProcess
# environment
HOME = /home/john
# environment
QT_IM_MODULE = ibus
# environment
ELECTRON_RUN_AS_NODE = 1
# environment
VSCODE_IPC_HOOK = /run/user/1000/vscode-f7f7606b-1.68.1-main.sock
# environment
SNAP_NAME = code
# environment
GSETTINGS_SCHEMA_DIR = /snap/code/99/usr/share/glib-2.0/schemas
# environment
IM_CONFIG_PHASE = 1
# default
.RECIPEPREFIX := 
# automatic
<F = $(notdir $<)
# environment
SNAP_VERSION = 30d9c6cd
# default
SUFFIXES := 
# environment
VSCODE_CLI = 1
# environment
ELECTRON_NO_ATTACH_CONSOLE = 1
# environment
SNAP_COMMON = /var/snap/code/common
# default
.FEATURES := target-specific order-only second-expansion else-if shortest-stem undefine oneshell nocomment grouped-target extra-prereqs archives jobserver output-sync check-symlink load
# makefile (from 'Makefile', line 1)
CC = gcc
# environment
SNAP_USER_DATA = /home/john/snap/code/99
# environment
XDG_MENU_PREFIX = gnome-
# environment
GDMSESSION = ubuntu
# environment
SNAP_LIBRARY_PATH = /var/lib/snapd/lib/gl:/var/lib/snapd/lib/gl32:/var/lib/snapd/void
# variable set hash-table stats:
# Load=131/1024=13%, Rehash=0, Collisions=8/167=5%

# Pattern-specific Variable Values

 
# No pattern-specific variable values.

# Directories

# . (device 2053, inode 39454486): 13 files, no impossibilities.
# ./tests (device 2053, inode 39584565): 3 files, no impossibilities.
# ./src (device 2053, inode 39454540): 3 files, no impossibilities.

# 19 files, no impossibilities in 3 directories.

# Implicit Rules

obj/%.o: %.c
#  recipe to execute (from 'Makefile', line 19):
	$(CC) $(CFLAGS) -c -o $@ $^

# 1 implicit rules, 0 (0.0%) terminal.
# Files

# Not a target:
./src/wdist.c:
#  Implicit rule search has been done.
#  Last modified 2022-06-29 10:53:45.480524917
#  File has been updated.
#  Successfully updated.

# Not a target:
Makefile:
#  Implicit rule search has been done.
#  Last modified 2022-06-28 23:25:55.635628428
#  File has been updated.
#  Successfully updated.

obj/wdist.o: ./src/wdist.c
#  Implicit rule search has been done.
#  Implicit/static pattern stem: 'wdist'
#  Last modified 2022-06-29 11:03:02.627118313
#  File has been updated.
#  Successfully updated.
#  recipe to execute (from 'Makefile', line 19):
	$(CC) $(CFLAGS) -c -o $@ $^

clean:
#  Implicit rule search has not been done.
#  Modification time never checked.
#  File has not been updated.
#  recipe to execute (from 'Makefile', line 22):
	rm -rf $(TEST_APP) $(OBJS)

# Not a target:
.DEFAULT:
#  Implicit rule search has not been done.
#  Modification time never checked.
#  File has not been updated.

all: test_app
#  Command line target.
#  Implicit rule search has been done.
#  File does not exist.
#  File has been updated.
#  Successfully updated.

test_app: obj/wdist.o obj/test_wdist.o
#  Implicit rule search has not been done.
#  Last modified 2022-06-29 11:04:35.182206389
#  File has been updated.
#  Successfully updated.
#  recipe to execute (from 'Makefile', line 16):
	$(CC) -o $@ $^

# Not a target:
./tests/test_wdist.c:
#  Implicit rule search has been done.
#  Last modified 2022-06-29 11:04:32.46611577
#  File has been updated.
#  Successfully updated.

obj/test_wdist.o: ./tests/test_wdist.c
#  Implicit rule search has been done.
#  Implicit/static pattern stem: 'test_wdist'
#  Last modified 2022-06-29 11:04:35.158205589
#  File has been updated.
#  Successfully updated.
#  recipe to execute (from 'Makefile', line 19):
	$(CC) $(CFLAGS) -c -o $@ $^

# files hash-table stats:
# Load=10/1024=1%, Rehash=0, Collisions=0/48=0%
# VPATH Search Paths

# No 'vpath' search paths.

# General ('VPATH' variable) search path:
# ./src:./tests

# strcache buffers: 1 (0) / strings = 32 / storage = 278 B / avg = 8 B
# current buf: size = 8162 B / used = 278 B / count = 32 / avg = 8 B

# strcache performance: lookups = 54 / hit rate = 40%
# hash-table stats:
# Load=32/8192=0%, Rehash=0, Collisions=0/54=0%
# Finished Make data base on Wed Jun 29 11:19:25 2022

 
